<?xml version="1.0" encoding="UTF-8"?>
<!-- Generated by org.testng.reporters.JUnitXMLReporter -->
<testsuite hostname="ESI-PC7" ignored="6" name="Test" tests="12" failures="1" timestamp="2020-09-16T22:04:24 IST" time="59.9" errors="0">
  <testcase name="@BeforeClass OpenBrowser" time="13.803" classname="com.org.testbase.TestBase">
    <failure type="org.openqa.selenium.SessionNotCreatedException" message="session not created
from chrome not reachable
  (Session info: chrome=85.0.4183.102)
Build info: version: &amp;apos;3.141.59&amp;apos;, revision: &amp;apos;e82be7d358&amp;apos;, time: &amp;apos;2018-11-14T08:17:03&amp;apos;
System info: host: &amp;apos;ESI-PC7&amp;apos;, ip: &amp;apos;192.168.0.101&amp;apos;, os.name: &amp;apos;Windows 10&amp;apos;, os.arch: &amp;apos;amd64&amp;apos;, os.version: &amp;apos;10.0&amp;apos;, java.version: &amp;apos;1.8.0_251&amp;apos;
Driver info: driver.version: ChromeDriver
remote stacktrace: Backtrace:
	Ordinal0 [0x0125D383+3134339]
	Ordinal0 [0x0114A171+2007409]
	Ordinal0 [0x00FEAD90+568720]
	Ordinal0 [0x00FE1364+529252]
	Ordinal0 [0x00FE19FC+530940]
	Ordinal0 [0x00FE2C15+535573]
	Ordinal0 [0x00FDDFC5+516037]
	Ordinal0 [0x00FEBF70+573296]
	Ordinal0 [0x00F91916+203030]
	Ordinal0 [0x00F90C1D+199709]
	Ordinal0 [0x00F8EB0B+191243]
	Ordinal0 [0x00F72E77+77431]
	Ordinal0 [0x00F73E3E+81470]
	Ordinal0 [0x00F73DC9+81353]
	Ordinal0 [0x01160CD9+2100441]
	GetHandleVerifier [0x013CB75A+1396954]
	GetHandleVerifier [0x013CB3D9+1396057]
	GetHandleVerifier [0x013D7126+1444518]
	GetHandleVerifier [0x013CBCE8+1398376]
	Ordinal0 [0x01157F51+2064209]
	Ordinal0 [0x011622EB+2106091]
	Ordinal0 [0x01162411+2106385]
	Ordinal0 [0x011749C4+2181572]
	BaseThreadInitThunk [0x75F56359+25]
	RtlGetAppContainerNamedObjectPath [0x773C7C24+228]
	RtlGetAppContainerNamedObjectPath [0x773C7BF4+180]
">
      <![CDATA[org.openqa.selenium.SessionNotCreatedException: session not created
from chrome not reachable
  (Session info: chrome=85.0.4183.102)
Build info: version: '3.141.59', revision: 'e82be7d358', time: '2018-11-14T08:17:03'
System info: host: 'ESI-PC7', ip: '192.168.0.101', os.name: 'Windows 10', os.arch: 'amd64', os.version: '10.0', java.version: '1.8.0_251'
Driver info: driver.version: ChromeDriver
remote stacktrace: Backtrace:
Ordinal0 [0x0125D383+3134339]
Ordinal0 [0x0114A171+2007409]
Ordinal0 [0x00FEAD90+568720]
Ordinal0 [0x00FE1364+529252]
Ordinal0 [0x00FE19FC+530940]
Ordinal0 [0x00FE2C15+535573]
Ordinal0 [0x00FDDFC5+516037]
Ordinal0 [0x00FEBF70+573296]
Ordinal0 [0x00F91916+203030]
Ordinal0 [0x00F90C1D+199709]
Ordinal0 [0x00F8EB0B+191243]
Ordinal0 [0x00F72E77+77431]
Ordinal0 [0x00F73E3E+81470]
Ordinal0 [0x00F73DC9+81353]
Ordinal0 [0x01160CD9+2100441]
GetHandleVerifier [0x013CB75A+1396954]
GetHandleVerifier [0x013CB3D9+1396057]
GetHandleVerifier [0x013D7126+1444518]
GetHandleVerifier [0x013CBCE8+1398376]
Ordinal0 [0x01157F51+2064209]
Ordinal0 [0x011622EB+2106091]
Ordinal0 [0x01162411+2106385]
Ordinal0 [0x011749C4+2181572]
BaseThreadInitThunk [0x75F56359+25]
RtlGetAppContainerNamedObjectPath [0x773C7C24+228]
RtlGetAppContainerNamedObjectPath [0x773C7BF4+180]

at org.openqa.selenium.remote.W3CHandshakeResponse.lambda$errorHandler$0(W3CHandshakeResponse.java:62)
at org.openqa.selenium.remote.HandshakeResponse.lambda$getResponseFunction$0(HandshakeResponse.java:30)
at org.openqa.selenium.remote.ProtocolHandshake.lambda$createSession$0(ProtocolHandshake.java:126)
at java.util.stream.ReferencePipeline$3$1.accept(Unknown Source)
at java.util.Spliterators$ArraySpliterator.tryAdvance(Unknown Source)
at java.util.stream.ReferencePipeline.forEachWithCancel(Unknown Source)
at java.util.stream.AbstractPipeline.copyIntoWithCancel(Unknown Source)
at java.util.stream.AbstractPipeline.copyInto(Unknown Source)
at java.util.stream.AbstractPipeline.wrapAndCopyInto(Unknown Source)
at java.util.stream.FindOps$FindOp.evaluateSequential(Unknown Source)
at java.util.stream.AbstractPipeline.evaluate(Unknown Source)
at java.util.stream.ReferencePipeline.findFirst(Unknown Source)
at org.openqa.selenium.remote.ProtocolHandshake.createSession(ProtocolHandshake.java:128)
at org.openqa.selenium.remote.ProtocolHandshake.createSession(ProtocolHandshake.java:74)
at org.openqa.selenium.remote.HttpCommandExecutor.execute(HttpCommandExecutor.java:136)
at org.openqa.selenium.remote.service.DriverCommandExecutor.execute(DriverCommandExecutor.java:83)
at org.openqa.selenium.remote.RemoteWebDriver.execute(RemoteWebDriver.java:552)
at org.openqa.selenium.remote.RemoteWebDriver.startSession(RemoteWebDriver.java:213)
at org.openqa.selenium.remote.RemoteWebDriver.<init>(RemoteWebDriver.java:131)
at org.openqa.selenium.chrome.ChromeDriver.<init>(ChromeDriver.java:181)
at org.openqa.selenium.chrome.ChromeDriver.<init>(ChromeDriver.java:168)
at org.openqa.selenium.chrome.ChromeDriver.<init>(ChromeDriver.java:123)
at com.org.testbase.TestBase.OpenBrowser(TestBase.java:43)
at java.util.ArrayList.forEach(Unknown Source)
... Removed 29 stack frames]]>
    </failure>
  </testcase> <!-- @BeforeClass OpenBrowser -->
  <testcase name="@BeforeMethod setup" time="-1.600274037717E9" classname="com.org.PradeepWebsite.tests.LeftMenuTests">
    <skipped/>
  </testcase> <!-- @BeforeMethod setup -->
  <testcase name="@BeforeMethod setup" time="-1.600274037735E9" classname="com.org.PradeepWebsite.tests.LeftMenuTests">
    <skipped/>
  </testcase> <!-- @BeforeMethod setup -->
  <testcase name="@AfterClass CloseBrowser" time="-1.60027403774E9" classname="com.org.testbase.TestBase">
    <skipped/>
  </testcase> <!-- @AfterClass CloseBrowser -->
  <testcase name="@BeforeClass OpenBrowser" time="13.381" classname="com.org.testbase.TestBase">
    <failure type="org.openqa.selenium.SessionNotCreatedException" message="session not created
from chrome not reachable
  (Session info: chrome=85.0.4183.102)
Build info: version: &amp;apos;3.141.59&amp;apos;, revision: &amp;apos;e82be7d358&amp;apos;, time: &amp;apos;2018-11-14T08:17:03&amp;apos;
System info: host: &amp;apos;ESI-PC7&amp;apos;, ip: &amp;apos;192.168.0.101&amp;apos;, os.name: &amp;apos;Windows 10&amp;apos;, os.arch: &amp;apos;amd64&amp;apos;, os.version: &amp;apos;10.0&amp;apos;, java.version: &amp;apos;1.8.0_251&amp;apos;
Driver info: driver.version: ChromeDriver
remote stacktrace: Backtrace:
	Ordinal0 [0x0125D383+3134339]
	Ordinal0 [0x0114A171+2007409]
	Ordinal0 [0x00FEAD90+568720]
	Ordinal0 [0x00FE1364+529252]
	Ordinal0 [0x00FE19FC+530940]
	Ordinal0 [0x00FE2C15+535573]
	Ordinal0 [0x00FDDFC5+516037]
	Ordinal0 [0x00FEBF70+573296]
	Ordinal0 [0x00F91916+203030]
	Ordinal0 [0x00F90C1D+199709]
	Ordinal0 [0x00F8EB0B+191243]
	Ordinal0 [0x00F72E77+77431]
	Ordinal0 [0x00F73E3E+81470]
	Ordinal0 [0x00F73DC9+81353]
	Ordinal0 [0x01160CD9+2100441]
	GetHandleVerifier [0x013CB75A+1396954]
	GetHandleVerifier [0x013CB3D9+1396057]
	GetHandleVerifier [0x013D7126+1444518]
	GetHandleVerifier [0x013CBCE8+1398376]
	Ordinal0 [0x01157F51+2064209]
	Ordinal0 [0x011622EB+2106091]
	Ordinal0 [0x01162411+2106385]
	Ordinal0 [0x011749C4+2181572]
	BaseThreadInitThunk [0x75F56359+25]
	RtlGetAppContainerNamedObjectPath [0x773C7C24+228]
	RtlGetAppContainerNamedObjectPath [0x773C7BF4+180]
">
      <![CDATA[org.openqa.selenium.SessionNotCreatedException: session not created
from chrome not reachable
  (Session info: chrome=85.0.4183.102)
Build info: version: '3.141.59', revision: 'e82be7d358', time: '2018-11-14T08:17:03'
System info: host: 'ESI-PC7', ip: '192.168.0.101', os.name: 'Windows 10', os.arch: 'amd64', os.version: '10.0', java.version: '1.8.0_251'
Driver info: driver.version: ChromeDriver
remote stacktrace: Backtrace:
Ordinal0 [0x0125D383+3134339]
Ordinal0 [0x0114A171+2007409]
Ordinal0 [0x00FEAD90+568720]
Ordinal0 [0x00FE1364+529252]
Ordinal0 [0x00FE19FC+530940]
Ordinal0 [0x00FE2C15+535573]
Ordinal0 [0x00FDDFC5+516037]
Ordinal0 [0x00FEBF70+573296]
Ordinal0 [0x00F91916+203030]
Ordinal0 [0x00F90C1D+199709]
Ordinal0 [0x00F8EB0B+191243]
Ordinal0 [0x00F72E77+77431]
Ordinal0 [0x00F73E3E+81470]
Ordinal0 [0x00F73DC9+81353]
Ordinal0 [0x01160CD9+2100441]
GetHandleVerifier [0x013CB75A+1396954]
GetHandleVerifier [0x013CB3D9+1396057]
GetHandleVerifier [0x013D7126+1444518]
GetHandleVerifier [0x013CBCE8+1398376]
Ordinal0 [0x01157F51+2064209]
Ordinal0 [0x011622EB+2106091]
Ordinal0 [0x01162411+2106385]
Ordinal0 [0x011749C4+2181572]
BaseThreadInitThunk [0x75F56359+25]
RtlGetAppContainerNamedObjectPath [0x773C7C24+228]
RtlGetAppContainerNamedObjectPath [0x773C7BF4+180]

at org.openqa.selenium.remote.W3CHandshakeResponse.lambda$errorHandler$0(W3CHandshakeResponse.java:62)
at org.openqa.selenium.remote.HandshakeResponse.lambda$getResponseFunction$0(HandshakeResponse.java:30)
at org.openqa.selenium.remote.ProtocolHandshake.lambda$createSession$0(ProtocolHandshake.java:126)
at java.util.stream.ReferencePipeline$3$1.accept(Unknown Source)
at java.util.Spliterators$ArraySpliterator.tryAdvance(Unknown Source)
at java.util.stream.ReferencePipeline.forEachWithCancel(Unknown Source)
at java.util.stream.AbstractPipeline.copyIntoWithCancel(Unknown Source)
at java.util.stream.AbstractPipeline.copyInto(Unknown Source)
at java.util.stream.AbstractPipeline.wrapAndCopyInto(Unknown Source)
at java.util.stream.FindOps$FindOp.evaluateSequential(Unknown Source)
at java.util.stream.AbstractPipeline.evaluate(Unknown Source)
at java.util.stream.ReferencePipeline.findFirst(Unknown Source)
at org.openqa.selenium.remote.ProtocolHandshake.createSession(ProtocolHandshake.java:128)
at org.openqa.selenium.remote.ProtocolHandshake.createSession(ProtocolHandshake.java:74)
at org.openqa.selenium.remote.HttpCommandExecutor.execute(HttpCommandExecutor.java:136)
at org.openqa.selenium.remote.service.DriverCommandExecutor.execute(DriverCommandExecutor.java:83)
at org.openqa.selenium.remote.RemoteWebDriver.execute(RemoteWebDriver.java:552)
at org.openqa.selenium.remote.RemoteWebDriver.startSession(RemoteWebDriver.java:213)
at org.openqa.selenium.remote.RemoteWebDriver.<init>(RemoteWebDriver.java:131)
at org.openqa.selenium.chrome.ChromeDriver.<init>(ChromeDriver.java:181)
at org.openqa.selenium.chrome.ChromeDriver.<init>(ChromeDriver.java:168)
at org.openqa.selenium.chrome.ChromeDriver.<init>(ChromeDriver.java:123)
at com.org.testbase.TestBase.OpenBrowser(TestBase.java:43)
at java.util.ArrayList.forEach(Unknown Source)
... Removed 29 stack frames]]>
    </failure>
  </testcase> <!-- @BeforeClass OpenBrowser -->
  <testcase name="@BeforeMethod setup" time="-1.600274051127E9" classname="com.org.PradeepWebsite.tests.HeaderTests">
    <skipped/>
  </testcase> <!-- @BeforeMethod setup -->
  <testcase name="@BeforeMethod setup" time="-1.600274051139E9" classname="com.org.PradeepWebsite.tests.HeaderTests">
    <skipped/>
  </testcase> <!-- @BeforeMethod setup -->
  <testcase name="@BeforeMethod setup" time="-1.600274051145E9" classname="com.org.PradeepWebsite.tests.HeaderTests">
    <skipped/>
  </testcase> <!-- @BeforeMethod setup -->
  <testcase name="@AfterClass CloseBrowser" time="-1.60027405115E9" classname="com.org.testbase.TestBase">
    <skipped/>
  </testcase> <!-- @AfterClass CloseBrowser -->
  <testcase name="@BeforeClass OpenBrowser" time="13.276" classname="com.org.testbase.TestBase">
    <failure type="org.openqa.selenium.SessionNotCreatedException" message="session not created
from chrome not reachable
  (Session info: chrome=85.0.4183.102)
Build info: version: &amp;apos;3.141.59&amp;apos;, revision: &amp;apos;e82be7d358&amp;apos;, time: &amp;apos;2018-11-14T08:17:03&amp;apos;
System info: host: &amp;apos;ESI-PC7&amp;apos;, ip: &amp;apos;192.168.0.101&amp;apos;, os.name: &amp;apos;Windows 10&amp;apos;, os.arch: &amp;apos;amd64&amp;apos;, os.version: &amp;apos;10.0&amp;apos;, java.version: &amp;apos;1.8.0_251&amp;apos;
Driver info: driver.version: ChromeDriver
remote stacktrace: Backtrace:
	Ordinal0 [0x0125D383+3134339]
	Ordinal0 [0x0114A171+2007409]
	Ordinal0 [0x00FEAD90+568720]
	Ordinal0 [0x00FE1364+529252]
	Ordinal0 [0x00FE19FC+530940]
	Ordinal0 [0x00FE2C15+535573]
	Ordinal0 [0x00FDDFC5+516037]
	Ordinal0 [0x00FEBF70+573296]
	Ordinal0 [0x00F91916+203030]
	Ordinal0 [0x00F90C1D+199709]
	Ordinal0 [0x00F8EB0B+191243]
	Ordinal0 [0x00F72E77+77431]
	Ordinal0 [0x00F73E3E+81470]
	Ordinal0 [0x00F73DC9+81353]
	Ordinal0 [0x01160CD9+2100441]
	GetHandleVerifier [0x013CB75A+1396954]
	GetHandleVerifier [0x013CB3D9+1396057]
	GetHandleVerifier [0x013D7126+1444518]
	GetHandleVerifier [0x013CBCE8+1398376]
	Ordinal0 [0x01157F51+2064209]
	Ordinal0 [0x011622EB+2106091]
	Ordinal0 [0x01162411+2106385]
	Ordinal0 [0x011749C4+2181572]
	BaseThreadInitThunk [0x75F56359+25]
	RtlGetAppContainerNamedObjectPath [0x773C7C24+228]
	RtlGetAppContainerNamedObjectPath [0x773C7BF4+180]
">
      <![CDATA[org.openqa.selenium.SessionNotCreatedException: session not created
from chrome not reachable
  (Session info: chrome=85.0.4183.102)
Build info: version: '3.141.59', revision: 'e82be7d358', time: '2018-11-14T08:17:03'
System info: host: 'ESI-PC7', ip: '192.168.0.101', os.name: 'Windows 10', os.arch: 'amd64', os.version: '10.0', java.version: '1.8.0_251'
Driver info: driver.version: ChromeDriver
remote stacktrace: Backtrace:
Ordinal0 [0x0125D383+3134339]
Ordinal0 [0x0114A171+2007409]
Ordinal0 [0x00FEAD90+568720]
Ordinal0 [0x00FE1364+529252]
Ordinal0 [0x00FE19FC+530940]
Ordinal0 [0x00FE2C15+535573]
Ordinal0 [0x00FDDFC5+516037]
Ordinal0 [0x00FEBF70+573296]
Ordinal0 [0x00F91916+203030]
Ordinal0 [0x00F90C1D+199709]
Ordinal0 [0x00F8EB0B+191243]
Ordinal0 [0x00F72E77+77431]
Ordinal0 [0x00F73E3E+81470]
Ordinal0 [0x00F73DC9+81353]
Ordinal0 [0x01160CD9+2100441]
GetHandleVerifier [0x013CB75A+1396954]
GetHandleVerifier [0x013CB3D9+1396057]
GetHandleVerifier [0x013D7126+1444518]
GetHandleVerifier [0x013CBCE8+1398376]
Ordinal0 [0x01157F51+2064209]
Ordinal0 [0x011622EB+2106091]
Ordinal0 [0x01162411+2106385]
Ordinal0 [0x011749C4+2181572]
BaseThreadInitThunk [0x75F56359+25]
RtlGetAppContainerNamedObjectPath [0x773C7C24+228]
RtlGetAppContainerNamedObjectPath [0x773C7BF4+180]

at org.openqa.selenium.remote.W3CHandshakeResponse.lambda$errorHandler$0(W3CHandshakeResponse.java:62)
at org.openqa.selenium.remote.HandshakeResponse.lambda$getResponseFunction$0(HandshakeResponse.java:30)
at org.openqa.selenium.remote.ProtocolHandshake.lambda$createSession$0(ProtocolHandshake.java:126)
at java.util.stream.ReferencePipeline$3$1.accept(Unknown Source)
at java.util.Spliterators$ArraySpliterator.tryAdvance(Unknown Source)
at java.util.stream.ReferencePipeline.forEachWithCancel(Unknown Source)
at java.util.stream.AbstractPipeline.copyIntoWithCancel(Unknown Source)
at java.util.stream.AbstractPipeline.copyInto(Unknown Source)
at java.util.stream.AbstractPipeline.wrapAndCopyInto(Unknown Source)
at java.util.stream.FindOps$FindOp.evaluateSequential(Unknown Source)
at java.util.stream.AbstractPipeline.evaluate(Unknown Source)
at java.util.stream.ReferencePipeline.findFirst(Unknown Source)
at org.openqa.selenium.remote.ProtocolHandshake.createSession(ProtocolHandshake.java:128)
at org.openqa.selenium.remote.ProtocolHandshake.createSession(ProtocolHandshake.java:74)
at org.openqa.selenium.remote.HttpCommandExecutor.execute(HttpCommandExecutor.java:136)
at org.openqa.selenium.remote.service.DriverCommandExecutor.execute(DriverCommandExecutor.java:83)
at org.openqa.selenium.remote.RemoteWebDriver.execute(RemoteWebDriver.java:552)
at org.openqa.selenium.remote.RemoteWebDriver.startSession(RemoteWebDriver.java:213)
at org.openqa.selenium.remote.RemoteWebDriver.<init>(RemoteWebDriver.java:131)
at org.openqa.selenium.chrome.ChromeDriver.<init>(ChromeDriver.java:181)
at org.openqa.selenium.chrome.ChromeDriver.<init>(ChromeDriver.java:168)
at org.openqa.selenium.chrome.ChromeDriver.<init>(ChromeDriver.java:123)
at com.org.testbase.TestBase.OpenBrowser(TestBase.java:43)
at java.util.ArrayList.forEach(Unknown Source)
... Removed 29 stack frames]]>
    </failure>
  </testcase> <!-- @BeforeClass OpenBrowser -->
  <testcase name="@BeforeMethod setup" time="-1.600274064434E9" classname="com.org.PradeepWebsite.tests.FooterTest">
    <skipped/>
  </testcase> <!-- @BeforeMethod setup -->
  <testcase name="@AfterClass CloseBrowser" time="-1.600274064443E9" classname="com.org.testbase.TestBase">
    <skipped/>
  </testcase> <!-- @AfterClass CloseBrowser -->
  <testcase name="TextBoxfields" time="2.381" classname="com.org.PradeepWebsite.tests.RegistrationTests"/>
  <testcase name="validateMStatus" time="2.077" classname="com.org.PradeepWebsite.tests.RegistrationTests"/>
  <testcase name="validategender" time="2.166" classname="com.org.PradeepWebsite.tests.RegistrationTests"/>
  <testcase name="validatecheckbox" time="1.162" classname="com.org.PradeepWebsite.tests.RegistrationTests"/>
  <testcase name="validateuploadImage" time="0.869" classname="com.org.PradeepWebsite.tests.RegistrationTests">
    <failure type="java.lang.AssertionError" message="expected [true] but found [false]">
      <![CDATA[java.lang.AssertionError: expected [true] but found [false]
at com.org.PradeepWebsite.tests.RegistrationTests.validateuploadImage(RegistrationTests.java:169)
at java.util.ArrayList.forEach(Unknown Source)
... Removed 33 stack frames]]>
    </failure>
  </testcase> <!-- validateuploadImage -->
  <testcase name="validateRegisterButton" time="1.089" classname="com.org.PradeepWebsite.tests.RegistrationTests"/>
  <testcase name="validateSeleniumLink" time="0.0" classname="com.org.PradeepWebsite.tests.LeftMenuTests">
    <skipped/>
  </testcase> <!-- validateSeleniumLink -->
  <testcase name="validateSeleniumPage" time="0.0" classname="com.org.PradeepWebsite.tests.LeftMenuTests">
    <skipped/>
  </testcase> <!-- validateSeleniumPage -->
  <testcase name="validateMarquee" time="0.0" classname="com.org.PradeepWebsite.tests.HeaderTests">
    <skipped/>
  </testcase> <!-- validateMarquee -->
  <testcase name="validateBannerImage" time="0.0" classname="com.org.PradeepWebsite.tests.HeaderTests">
    <skipped/>
  </testcase> <!-- validateBannerImage -->
  <testcase name="validateFAQLink" time="0.0" classname="com.org.PradeepWebsite.tests.HeaderTests">
    <skipped/>
  </testcase> <!-- validateFAQLink -->
  <testcase name="validatefootertxt" time="0.0" classname="com.org.PradeepWebsite.tests.FooterTest">
    <skipped/>
  </testcase> <!-- validatefootertxt -->
  <testcase name="@AfterSuite SaveReport" time="0.0" classname="com.org.testbase.TestBase">
    <ignored/>
  </testcase> <!-- @AfterSuite SaveReport -->
  <testcase name="@AfterSuite SaveReport" time="0.0" classname="com.org.testbase.TestBase">
    <ignored/>
  </testcase> <!-- @AfterSuite SaveReport -->
  <testcase name="@AfterSuite SaveReport" time="0.0" classname="com.org.testbase.TestBase">
    <ignored/>
  </testcase> <!-- @AfterSuite SaveReport -->
  <testcase name="@BeforeSuite StartReport" time="0.0" classname="com.org.testbase.TestBase">
    <ignored/>
  </testcase> <!-- @BeforeSuite StartReport -->
  <testcase name="@BeforeSuite StartReport" time="0.0" classname="com.org.testbase.TestBase">
    <ignored/>
  </testcase> <!-- @BeforeSuite StartReport -->
  <testcase name="@BeforeSuite StartReport" time="0.0" classname="com.org.testbase.TestBase">
    <ignored/>
  </testcase> <!-- @BeforeSuite StartReport -->
</testsuite> <!-- Test -->
